[debug] [2026-01-26T10:06:15.910Z] ----------------------------------------------------------------------
[debug] [2026-01-26T10:06:15.918Z] Command:       /usr/local/bin/firebase /Users/thitsadeechareanpon/.cache/firebase/tools/lib/node_modules/firebase-tools/lib/bin/firebase deploy --only functions:processWeeklyReport
[debug] [2026-01-26T10:06:15.918Z] CLI Version:   14.12.0
[debug] [2026-01-26T10:06:15.918Z] Platform:      darwin
[debug] [2026-01-26T10:06:15.918Z] Node Version:  v20.18.2
[debug] [2026-01-26T10:06:15.919Z] Time:          Mon Jan 26 2026 17:06:15 GMT+0700 (Indochina Time)
[debug] [2026-01-26T10:06:15.919Z] ----------------------------------------------------------------------
[debug] 
[debug] [2026-01-26T10:06:16.140Z] > command requires scopes: ["email","openid","https://www.googleapis.com/auth/cloudplatformprojects.readonly","https://www.googleapis.com/auth/firebase","https://www.googleapis.com/auth/cloud-platform"]
[debug] [2026-01-26T10:06:16.142Z] > authorizing via signed-in user (pisanuwat.b@gmail.com)
[debug] [2026-01-26T10:06:16.142Z] [iam] checking project prowell-health-span for permissions ["cloudfunctions.functions.create","cloudfunctions.functions.delete","cloudfunctions.functions.get","cloudfunctions.functions.list","cloudfunctions.functions.update","cloudfunctions.operations.get","firebase.projects.get"]
[debug] [2026-01-26T10:06:16.144Z] Checked if tokens are valid: false, expires at: 1769415589080
[debug] [2026-01-26T10:06:16.145Z] Checked if tokens are valid: false, expires at: 1769415589080
[debug] [2026-01-26T10:06:16.146Z] > refreshing access token with scopes: []
[debug] [2026-01-26T10:06:16.148Z] >>> [apiv2][query] POST https://www.googleapis.com/oauth2/v3/token [none]
[debug] [2026-01-26T10:06:16.148Z] >>> [apiv2][body] POST https://www.googleapis.com/oauth2/v3/token [omitted]
[debug] [2026-01-26T10:06:16.420Z] <<< [apiv2][status] POST https://www.googleapis.com/oauth2/v3/token 200
[debug] [2026-01-26T10:06:16.420Z] <<< [apiv2][body] POST https://www.googleapis.com/oauth2/v3/token [omitted]
[debug] [2026-01-26T10:06:16.435Z] >>> [apiv2][query] POST https://cloudresourcemanager.googleapis.com/v1/projects/prowell-health-span:testIamPermissions [none]
[debug] [2026-01-26T10:06:16.435Z] >>> [apiv2][(partial)header] POST https://cloudresourcemanager.googleapis.com/v1/projects/prowell-health-span:testIamPermissions x-goog-quota-user=projects/prowell-health-span
[debug] [2026-01-26T10:06:16.435Z] >>> [apiv2][body] POST https://cloudresourcemanager.googleapis.com/v1/projects/prowell-health-span:testIamPermissions {"permissions":["cloudfunctions.functions.create","cloudfunctions.functions.delete","cloudfunctions.functions.get","cloudfunctions.functions.list","cloudfunctions.functions.update","cloudfunctions.operations.get","firebase.projects.get"]}
[debug] [2026-01-26T10:06:17.665Z] <<< [apiv2][status] POST https://cloudresourcemanager.googleapis.com/v1/projects/prowell-health-span:testIamPermissions 200
[debug] [2026-01-26T10:06:17.666Z] <<< [apiv2][body] POST https://cloudresourcemanager.googleapis.com/v1/projects/prowell-health-span:testIamPermissions {"permissions":["cloudfunctions.functions.create","cloudfunctions.functions.delete","cloudfunctions.functions.get","cloudfunctions.functions.list","cloudfunctions.functions.update","cloudfunctions.operations.get","firebase.projects.get"]}
[debug] [2026-01-26T10:06:17.666Z] Checked if tokens are valid: true, expires at: 1769425575420
[debug] [2026-01-26T10:06:17.667Z] Checked if tokens are valid: true, expires at: 1769425575420
[debug] [2026-01-26T10:06:17.667Z] >>> [apiv2][query] POST https://iam.googleapis.com/v1/projects/prowell-health-span/serviceAccounts/prowell-health-span@appspot.gserviceaccount.com:testIamPermissions [none]
[debug] [2026-01-26T10:06:17.667Z] >>> [apiv2][body] POST https://iam.googleapis.com/v1/projects/prowell-health-span/serviceAccounts/prowell-health-span@appspot.gserviceaccount.com:testIamPermissions {"permissions":["iam.serviceAccounts.actAs"]}
[debug] [2026-01-26T10:06:19.105Z] <<< [apiv2][status] POST https://iam.googleapis.com/v1/projects/prowell-health-span/serviceAccounts/prowell-health-span@appspot.gserviceaccount.com:testIamPermissions 200
[debug] [2026-01-26T10:06:19.108Z] <<< [apiv2][body] POST https://iam.googleapis.com/v1/projects/prowell-health-span/serviceAccounts/prowell-health-span@appspot.gserviceaccount.com:testIamPermissions {"permissions":["iam.serviceAccounts.actAs"]}
[info] 
[info] === Deploying to 'prowell-health-span'...
[info] 
[info] i  deploying functions 
[info] ✔  functions: Finished running predeploy script. 
[debug] [2026-01-26T10:06:19.119Z] Checked if tokens are valid: true, expires at: 1769425575420
[debug] [2026-01-26T10:06:19.119Z] Checked if tokens are valid: true, expires at: 1769425575420
[debug] [2026-01-26T10:06:19.119Z] >>> [apiv2][query] GET https://cloudresourcemanager.googleapis.com/v1/projects/prowell-health-span [none]
[debug] [2026-01-26T10:06:19.407Z] <<< [apiv2][status] GET https://cloudresourcemanager.googleapis.com/v1/projects/prowell-health-span 200
[debug] [2026-01-26T10:06:19.408Z] <<< [apiv2][body] GET https://cloudresourcemanager.googleapis.com/v1/projects/prowell-health-span {"projectNumber":"497660014159","projectId":"prowell-health-span","lifecycleState":"ACTIVE","name":"Prowell Health Span","labels":{"firebase":"enabled","firebase-core":"disabled"},"createTime":"2025-11-12T12:15:54.046476Z"}
[info] i  functions: preparing codebase default for deployment 
[info] i  functions: ensuring required API cloudfunctions.googleapis.com is enabled... 
[info] i  functions: ensuring required API cloudbuild.googleapis.com is enabled... 
[info] i  artifactregistry: ensuring required API artifactregistry.googleapis.com is enabled... 
[debug] [2026-01-26T10:06:19.415Z] Checked if tokens are valid: true, expires at: 1769425575420
[debug] [2026-01-26T10:06:19.415Z] Checked if tokens are valid: true, expires at: 1769425575420
[debug] [2026-01-26T10:06:19.416Z] >>> [apiv2][query] GET https://firebase.googleapis.com/v1beta1/projects/prowell-health-span/adminSdkConfig [none]
[debug] [2026-01-26T10:06:19.851Z] <<< [apiv2][status] GET https://firebase.googleapis.com/v1beta1/projects/prowell-health-span/adminSdkConfig 200
[debug] [2026-01-26T10:06:19.852Z] <<< [apiv2][body] GET https://firebase.googleapis.com/v1beta1/projects/prowell-health-span/adminSdkConfig {"projectId":"prowell-health-span","storageBucket":"prowell-health-span.firebasestorage.app"}
[debug] [2026-01-26T10:06:19.853Z] Checked if tokens are valid: true, expires at: 1769425575420
[debug] [2026-01-26T10:06:19.853Z] Checked if tokens are valid: true, expires at: 1769425575420
[debug] [2026-01-26T10:06:19.853Z] >>> [apiv2][query] GET https://runtimeconfig.googleapis.com/v1beta1/projects/prowell-health-span/configs [none]
[debug] [2026-01-26T10:06:20.255Z] <<< [apiv2][status] GET https://runtimeconfig.googleapis.com/v1beta1/projects/prowell-health-span/configs 200
[debug] [2026-01-26T10:06:20.255Z] <<< [apiv2][body] GET https://runtimeconfig.googleapis.com/v1beta1/projects/prowell-health-span/configs {}
[debug] [2026-01-26T10:06:20.258Z] Validating nodejs source
[debug] [2026-01-26T10:06:20.269Z] checkFunctionsSDKVersion was unable to fetch information from NPM Error: spawnSync npm Unknown system error -8
    at Object.spawnSync (node:internal/child_process:1123:20)
    at Object.spawnSync (node:child_process:877:24)
    at Object.spawnSync (pkg/prelude/bootstrap.js:2092:31)
    at Function.spawnSync [as sync] (/Users/thitsadeechareanpon/.cache/firebase/tools/lib/node_modules/cross-spawn/index.js:26:23)
    at Object.getLatestSDKVersion (/Users/thitsadeechareanpon/.cache/firebase/tools/lib/node_modules/firebase-tools/lib/deploy/functions/runtimes/node/versioning.js:54:25)
    at Object.checkFunctionsSDKVersion (/Users/thitsadeechareanpon/.cache/firebase/tools/lib/node_modules/firebase-tools/lib/deploy/functions/runtimes/node/versioning.js:74:32)
    at Delegate.validate (/Users/thitsadeechareanpon/.cache/firebase/tools/lib/node_modules/firebase-tools/lib/deploy/functions/runtimes/node/index.js:89:20)
    at loadCodebases (/Users/thitsadeechareanpon/.cache/firebase/tools/lib/node_modules/firebase-tools/lib/deploy/functions/prepare.js:307:31)
    at async prepare (/Users/thitsadeechareanpon/.cache/firebase/tools/lib/node_modules/firebase-tools/lib/deploy/functions/prepare.js:61:24)
    at async chain (/Users/thitsadeechareanpon/.cache/firebase/tools/lib/node_modules/firebase-tools/lib/deploy/index.js:42:9)
[debug] [2026-01-26T10:06:20.270Z] > [functions] package.json contents: {
  "name": "functions",
  "description": "Cloud Functions for Firebase",
  "scripts": {
    "lint": "eslint .",
    "serve": "firebase emulators:start --only functions",
    "shell": "firebase functions:shell",
    "start": "npm run shell",
    "deploy": "firebase deploy --only functions",
    "logs": "firebase functions:log"
  },
  "engines": {
    "node": "20"
  },
  "main": "index.js",
  "dependencies": {
    "axios": "^1.13.2",
    "firebase-admin": "^12.7.0",
    "firebase-functions": "^6.6.0"
  },
  "devDependencies": {
    "eslint": "^8.15.0",
    "eslint-config-google": "^0.14.0",
    "firebase-functions-test": "^3.1.0"
  },
  "private": true
}
[debug] [2026-01-26T10:06:20.270Z] Building nodejs source
[info] i  functions: Loading and analyzing source code for codebase default to determine what to deploy 
[debug] [2026-01-26T10:06:20.272Z] Could not find functions.yaml. Must use http discovery
[debug] [2026-01-26T10:06:20.286Z] Found firebase-functions binary at '/Users/thitsadeechareanpon/Desktop/Prowell Firebase Function/functions/node_modules/.bin/firebase-functions'
[info] Serving at port 8321

[debug] [2026-01-26T10:06:21.091Z] Got response from /__/functions.yaml {"endpoints":{"manualDailyScan":{"availableMemoryMb":null,"timeoutSeconds":null,"minInstances":null,"maxInstances":null,"ingressSettings":null,"concurrency":null,"serviceAccountEmail":null,"vpc":null,"platform":"gcfv2","region":["asia-southeast1"],"labels":{},"httpsTrigger":{},"entryPoint":"manualDailyScan"},"dailyUserScan":{"availableMemoryMb":null,"timeoutSeconds":null,"minInstances":null,"maxInstances":null,"ingressSettings":null,"concurrency":null,"serviceAccountEmail":null,"vpc":null,"platform":"gcfv2","region":["asia-southeast1"],"labels":{},"scheduleTrigger":{"schedule":"*/10 3-6 * * *","retryConfig":{},"timeZone":"Asia/Bangkok"},"entryPoint":"dailyUserScan"},"processWeeklyReport":{"platform":"gcfv2","availableMemoryMb":1024,"timeoutSeconds":300,"minInstances":null,"maxInstances":null,"ingressSettings":null,"concurrency":null,"serviceAccountEmail":null,"vpc":null,"region":["asia-southeast1"],"labels":{},"taskQueueTrigger":{"retryConfig":{"maxAttempts":3,"maxDoublings":null,"maxBackoffSeconds":null,"maxRetrySeconds":null,"minBackoffSeconds":null},"rateLimits":{"maxConcurrentDispatches":10,"maxDispatchesPerSecond":null}},"entryPoint":"processWeeklyReport"}},"specVersion":"v1alpha1","requiredAPIs":[{"api":"cloudscheduler.googleapis.com","reason":"Needed for scheduled functions."},{"api":"cloudtasks.googleapis.com","reason":"Needed for task queue functions"}],"extensions":{}}
